# size n PRTT(1,0,s) PRTT(n,0,s) PRTT(n,PRTT(1,0,s),s) L o_s o_r g G lsqu(g,G)
# to get o: plot "./loggp.out" using 1:(($5-$3)/($2-1)-$3)
# to get g,G: plot "./loggp.out" using 1:($4-$3)/($2-1)
1 10 3.382000 22.967000 34.848000 1.691000 0.114222 0.153000 -nan -nan -nan
1025 10 4.602000 7.440000 47.671000 1.691000 0.183444 0.245889 2.177928 -0.001817 -nan
2049 10 7.370000 9.066000 78.808000 1.691000 0.567556 0.272778 1.888100 -0.000971 0.707857
3073 10 6.518000 10.638000 81.643000 1.691000 1.829222 0.318333 1.577216 -0.000516 0.782244
4097 10 16.312000 14.238000 177.388000 1.691000 1.585333 0.413000 1.516034 -0.000456 0.648375
5121 10 8.745000 32.576000 111.136000 1.691000 2.631778 0.454333 0.855046 0.000028 1.321661
6145 10 9.935000 14.891000 104.851000 1.691000 0.611222 0.500000 0.939788 -0.000022 1.192279
7169 10 11.645000 16.045000 126.070000 1.691000 1.068889 0.643444 0.988703 -0.000046 1.092234
8193 10 17.518000 43.454000 182.716000 1.691000 0.837333 0.547444 0.635644 0.000102 1.216581
9217 10 12.383000 20.149000 143.455000 1.691000 2.180556 0.665111 0.739178 0.000064 1.156064
10241 10 12.023000 20.070000 123.586000 1.691000 0.372889 0.711444 0.807382 0.000042 1.098601
11265 10 11.105000 19.785000 117.765000 1.691000 0.746111 0.735333 0.847565 0.000030 1.045541
12289 10 11.385000 20.466000 143.165000 1.691000 3.257222 0.782889 0.872605 0.000023 0.998301
13313 10 11.784000 21.732000 133.266000 1.691000 1.714000 0.866111 0.881493 0.000021 0.955996
14337 10 12.506000 22.717000 130.758000 1.691000 0.633111 0.898667 0.886932 0.000020 0.918572
15361 10 12.658000 23.752000 133.234000 1.691000 0.739333 0.960556 0.882850 0.000021 0.885207
16385 10 13.183000 27.342000 138.801000 1.691000 0.774556 1.817667 0.848541 0.000027 0.858925
17409 10 106.373000 65.023000 981.673000 1.691000 -9.117444 1.104667 1.402691 -0.000074 1.560299
18433 10 30.614000 32.333000 300.223000 1.691000 -0.657444 1.133444 1.389108 -0.000072 1.514073
19457 10 13.924000 27.730000 147.545000 1.691000 0.922778 1.132444 1.257209 -0.000050 1.507364
20481 10 14.098000 28.635000 150.003000 1.691000 1.002556 1.177111 1.143238 -0.000033 1.495210
21505 10 17.273000 29.715000 179.407000 1.691000 0.741889 1.250667 1.068909 -0.000022 1.469881
22529 10 14.790000 30.790000 157.585000 1.691000 1.076111 1.310000 0.977752 -0.000009 1.454255
23553 10 81.701000 119.654000 763.043000 1.691000 -5.996333 1.424778 0.724643 0.000025 1.573296
24577 10 15.620000 32.859000 166.657000 1.691000 1.161889 1.434778 0.683344 0.000030 1.542794
25601 10 16.188000 34.150000 172.770000 1.691000 1.210000 1.496000 0.646062 0.000035 1.513810
26625 10 15.899000 35.103000 171.381000 1.691000 1.376778 1.568222 0.608451 0.000039 1.486969
27649 10 16.914000 37.593000 187.933000 1.691000 2.088111 1.575111 0.569196 0.000043 1.462370
28673 10 16.492000 37.206000 176.808000 1.691000 1.320889 1.652444 0.538818 0.000047 1.437717
29697 10 38.187000 37.524000 373.001000 1.691000 -0.985444 1.673667 0.659124 0.000034 1.455216
30721 10 16.684000 38.498000 179.950000 1.691000 1.456667 1.716778 0.617122 0.000038 1.435352
31745 10 16.947000 39.611000 182.687000 1.691000 1.468556 1.767667 0.578186 0.000042 1.416102
32769 10 17.087000 40.472000 184.791000 1.691000 1.546778 1.806000 0.542794 0.000045 1.397266
33793 10 17.037000 41.100000 184.728000 1.691000 1.595333 1.881000 0.510790 0.000048 1.378826
34817 10 17.125000 41.991000 186.493000 1.691000 1.693667 2.001111 0.481050 0.000051 1.360973
35841 10 16.961000 42.549000 184.490000 1.691000 1.653333 1.971222 0.453812 0.000053 1.343595
36865 10 17.536000 45.650000 190.192000 1.691000 1.648000 1.993222 0.418826 0.000056 1.329026
37889 10 17.161000 55.283000 187.374000 1.691000 1.751556 2.055222 0.337004 0.000063 1.337180
38913 10 17.543000 45.690000 193.654000 1.691000 2.024889 2.152778 0.320836 0.000064 1.320058
39937 10 28.677000 46.321000 291.982000 1.691000 0.579111 2.199778 0.363734 0.000061 1.310371
40961 10 17.414000 47.235000 190.949000 1.691000 1.867667 2.176222 0.343161 0.000062 1.295313
41985 10 17.555000 48.406000 193.161000 1.691000 1.956778 2.293333 0.322698 0.000064 1.280911
43009 10 17.637000 49.229000 194.352000 1.691000 1.998000 2.342000 0.303787 0.000065 1.266863
44033 10 18.108000 50.034000 199.187000 1.691000 2.011889 2.367556 0.288203 0.000066 1.252860
45057 10 17.846000 50.630000 197.102000 1.691000 2.071333 2.425556 0.273147 0.000067 1.239333
46081 10 18.315000 51.953000 202.241000 1.691000 2.121222 2.484000 0.258614 0.000068 1.226251
47105 10 18.348000 52.895000 232.819000 1.691000 5.482111 2.504778 0.244333 0.000069 1.213626
48129 10 18.461000 53.681000 204.604000 1.691000 2.221556 2.556333 0.231337 0.000070 1.201280
49153 10 18.808000 54.758000 208.269000 1.691000 2.243222 2.593333 0.219264 0.000071 1.189248
50177 10 19.076000 56.278000 212.246000 1.691000 2.387333 2.670667 0.205852 0.000072 1.177830
51201 10 19.292000 56.781000 214.079000 1.691000 2.351000 2.711556 0.195246 0.000072 1.166416
52225 10 19.496000 57.525000 216.307000 1.691000 2.371889 2.736556 0.186136 0.000073 1.155197
53249 10 19.678000 58.684000 219.033000 1.691000 2.472556 2.907889 0.176648 0.000073 1.144379
54273 10 20.121000 59.782000 223.880000 1.691000 2.518889 2.893333 0.168096 0.000074 1.133791
55297 10 20.984000 60.480000 231.886000 1.691000 2.449556 2.902333 0.163532 0.000074 1.123181
56321 10 20.432000 61.632000 227.333000 1.691000 2.557000 2.931667 0.155526 0.000075 1.113166
57345 10 20.993000 62.705000 233.399000 1.691000 2.607667 3.009111 0.148850 0.000075 1.103309
58369 10 20.933000 63.671000 234.507000 1.691000 2.797444 3.081111 0.141513 0.000075 1.093796
59393 10 21.334000 64.508000 237.893000 1.691000 2.728111 3.099333 0.135704 0.000076 1.084405
60417 10 21.373000 65.322000 240.849000 1.691000 3.013222 3.120444 0.130091 0.000076 1.075251
61441 10 21.097000 66.148000 236.216000 1.691000 2.805111 3.213444 0.123530 0.000076 1.066429
62465 10 21.485000 67.022000 240.546000 1.691000 2.855111 3.227556 0.118223 0.000077 1.057725
63489 10 21.444000 67.920000 240.602000 1.691000 2.906889 3.292889 0.112540 0.000077 1.049278
64513 10 21.861000 69.321000 245.236000 1.691000 2.958444 3.392778 0.106372 0.000077 1.041093
65537 10 22.090000 69.845000 247.665000 1.691000 2.973889 3.407444 0.102022 0.000077 1.032956
66561 10 22.001000 71.163000 247.513000 1.691000 3.055889 3.456222 0.095758 0.000078 1.025190
67585 10 22.202000 71.527000 249.960000 1.691000 3.104444 3.511444 0.091699 0.000078 1.017417
68609 10 22.297000 72.432000 254.245000 1.691000 3.475000 3.588333 0.087639 0.000078 1.009827
69633 10 22.346000 73.466000 252.753000 1.691000 3.254778 3.628778 0.083043 0.000078 1.002455
70657 10 22.641000 74.109000 255.466000 1.691000 3.228444 3.695667 0.079898 0.000078 0.995149
71681 10 22.416000 75.390000 253.933000 1.691000 3.308111 3.737222 0.074615 0.000078 0.988177
72705 10 22.868000 75.963000 258.343000 1.691000 3.295889 3.766000 0.071473 0.000079 0.981189
73729 10 23.607000 76.892000 265.977000 1.691000 3.323000 3.798333 0.070103 0.000079 0.974273
74753 10 23.037000 77.896000 261.605000 1.691000 3.470556 3.857889 0.066375 0.000079 0.967624
75777 10 23.807000 78.589000 268.972000 1.691000 3.433556 3.918778 0.065178 0.000079 0.960989
76801 10 23.246000 79.661000 264.265000 1.691000 3.533889 3.978222 0.061511 0.000079 0.954614
77825 10 23.114000 80.397000 263.329000 1.691000 3.576556 4.057556 0.057689 0.000079 0.948385
78849 10 93.530000 140.286000 898.166000 1.691000 -4.126000 4.202333 0.084960 0.000078 0.950196
79873 10 23.107000 82.185000 265.092000 1.691000 3.780222 4.222667 0.079131 0.000078 0.944379
80897 10 23.362000 83.300000 268.131000 1.691000 3.834556 6.032556 0.073289 0.000079 0.938689
81921 10 24.369000 84.156000 335.710000 1.691000 10.224444 4.187222 0.070112 0.000079 0.932844
82945 10 23.934000 85.202000 274.126000 1.691000 3.865111 4.279778 0.065151 0.000079 0.927281
83969 10 24.010000 86.092000 275.019000 1.691000 3.879889 4.365889 0.060257 0.000079 0.921822
84993 10 24.028000 87.055000 276.627000 1.691000 4.038556 4.374111 0.055096 0.000079 0.916504
86017 10 31.504000 87.932000 343.960000 1.691000 3.213333 4.474111 0.068725 0.000079 0.913236
87041 10 24.032000 88.722000 277.270000 1.691000 4.105556 4.729222 0.062775 0.000079 0.908222
88065 10 93.230000 104.478000 900.895000 1.691000 -3.489444 4.631444 0.190813 0.000075 1.090241
89089 10 24.812000 90.940000 285.641000 1.691000 4.169000 4.587889 0.179480 0.000075 1.085248
90113 10 24.742000 91.767000 285.307000 1.691000 4.209667 4.559222 0.168272 0.000075 1.080347
91137 10 25.052000 92.636000 288.766000 1.691000 4.249556 4.713222 0.157998 0.000076 1.075347
92161 10 25.340000 94.801000 292.499000 1.691000 4.344333 4.685889 0.145489 0.000076 1.071027
93185 10 25.274000 94.397000 292.450000 1.691000 4.412222 4.817333 0.136076 0.000076 1.066059
94209 10 30.876000 100.796000 357.756000 1.691000 5.444000 4.903111 0.126943 0.000077 1.061140
95233 10 26.183000 96.387000 326.586000 1.691000 7.195111 4.882222 0.119255 0.000077 1.056044
96257 10 31.138000 101.748000 365.661000 1.691000 6.031222 5.242333 0.112649 0.000077 1.050865
97281 10 26.696000 116.945000 310.341000 1.691000 4.820111 5.182778 0.063919 0.000079 1.073313
98305 10 44.361000 124.854000 472.718000 1.691000 3.234222 5.265667 0.040932 0.000079 1.073886
99329 10 27.192000 126.223000 321.138000 1.691000 5.468667 5.495111 -0.020060 0.000081 1.111837
100353 10 27.914000 118.956000 329.669000 1.691000 5.614333 5.414778 -0.059003 0.000082 1.123623
101377 10 27.515000 103.466000 334.083000 1.691000 6.548111 5.325556 -0.061855 0.000082 1.117970
102401 10 29.735000 134.409000 349.375000 1.691000 5.780556 5.347667 -0.124286 0.000084 1.157431
103425 10 35.894000 125.675000 418.413000 1.691000 6.608111 5.565222 -0.150564 0.000085 1.159555
104449 10 28.379000 122.707000 337.047000 1.691000 5.917444 5.608667 -0.183473 0.000086 1.166299
105473 10 36.691000 105.794000 421.941000 1.691000 6.114556 5.792778 -0.160820 0.000085 1.166527
106497 10 30.108000 106.881000 352.288000 1.691000 5.689778 5.871333 -0.153383 0.000085 1.161500
107521 10 31.379000 110.586000 360.110000 1.691000 5.146667 5.564000 -0.149651 0.000085 1.156069
108545 10 47.305000 142.336000 516.326000 1.691000 4.808444 5.964222 -0.176460 0.000086 1.159193
109569 10 28.541000 119.298000 337.205000 1.691000 5.755000 5.709111 -0.191913 0.000086 1.156609
110593 10 36.654000 120.509000 410.545000 1.691000 4.889444 5.936444 -0.191405 0.000086 1.151194
111617 10 34.876000 128.318000 406.133000 1.691000 6.374778 5.890556 -0.208202 0.000087 1.149359
112641 10 68.360000 125.130000 714.588000 1.691000 3.443111 6.188667 -0.151245 0.000085 1.184166
113665 10 37.921000 140.786000 433.139000 1.691000 5.992111 6.101222 -0.184307 0.000086 1.192153
114689 10 41.448000 145.002000 461.652000 1.691000 5.241333 6.397000 -0.215731 0.000087 1.198887
115713 10 33.847000 123.406000 397.966000 1.691000 6.610667 6.036333 -0.217708 0.000087 1.193571
116737 10 29.865000 123.756000 352.313000 1.691000 5.962556 6.038556 -0.226248 0.000087 1.189192
117761 10 31.605000 126.101000 395.004000 1.691000 8.772667 6.372000 -0.234055 0.000087 1.184737
118785 10 30.023000 132.766000 362.627000 1.691000 6.933000 6.231889 -0.255310 0.000088 1.185358
119809 10 30.424000 131.622000 368.914000 1.691000 7.186000 6.575556 -0.271355 0.000088 1.183561
120833 10 30.337000 137.493000 360.464000 1.691000 6.343778 6.543444 -0.296103 0.000089 1.186462
121857 10 33.880000 139.937000 401.247000 1.691000 6.938556 6.266889 -0.316370 0.000089 1.186804
122881 10 31.208000 133.169000 375.685000 1.691000 7.067222 6.322444 -0.326999 0.000090 1.183301
123905 10 43.144000 127.580000 494.111000 1.691000 6.963444 6.986667 -0.304586 0.000089 1.185060
124929 10 31.475000 138.887000 378.028000 1.691000 7.030889 6.475222 -0.322130 0.000090 1.184289
125953 10 31.921000 135.203000 379.165000 1.691000 6.661667 6.507333 -0.330309 0.000090 1.180333
126977 10 32.489000 142.832000 386.800000 1.691000 6.878889 6.473889 -0.348984 0.000090 1.180303
128001 10 31.477000 128.404000 375.567000 1.691000 6.755222 7.107778 -0.342395 0.000090 1.176134
129025 10 32.259000 140.524000 388.506000 1.691000 7.324000 6.657556 -0.354018 0.000090 1.173308
130049 10 32.008000 135.357000 394.013000 1.691000 8.214778 6.652444 -0.355446 0.000090 1.168672
