# Hoverboard test (1048576 1 1000000000)
# time(ns),sleep_time(ns),repetitions
4938840,1000000000,1
5033493,1000000000,1
6069898,1000000000,1
3781318,1000000000,1
4004001,1000000000,1
5852460,1000000000,1
3592967,1000000000,1
3943443,1000000000,1
5127668,1000000000,1
5690813,1000000000,1
4264593,1000000000,1
5179166,1000000000,1
6743907,1000000000,1
4880189,1000000000,1
4097461,1000000000,1
5497932,1000000000,1
3757953,1000000000,1
5025386,1000000000,1
5724430,1000000000,1
4228115,1000000000,1
3518342,1000000000,1
3799915,1000000000,1
3469228,1000000000,1
4791975,1000000000,1
4240989,1000000000,1
3524541,1000000000,1
3485441,1000000000,1
3631114,1000000000,1
5986690,1000000000,1
4116535,1000000000,1
# Hoverboard test (1048576 1 800000000)
# time(ns),sleep_time(ns),repetitions
5405902,800000000,1
2417564,800000000,1
3659963,800000000,1
2312183,800000000,1
3897190,800000000,1
3270387,800000000,1
4104852,800000000,1
2415895,800000000,1
3127574,800000000,1
5061388,800000000,1
3350019,800000000,1
4483699,800000000,1
5103826,800000000,1
5032539,800000000,1
3611803,800000000,1
3944873,800000000,1
4240989,800000000,1
2288103,800000000,1
4632234,800000000,1
2366781,800000000,1
3137588,800000000,1
2114295,800000000,1
5056142,800000000,1
2286672,800000000,1
3558397,800000000,1
2279758,800000000,1
3035783,800000000,1
3860235,800000000,1
4711627,800000000,1
2243280,800000000,1
# Hoverboard test (1048576 1 600000000)
# time(ns),sleep_time(ns),repetitions
4444837,600000000,1
2366304,600000000,1
3051757,600000000,1
2548217,600000000,1
3535747,600000000,1
2496004,600000000,1
3468036,600000000,1
3288984,600000000,1
3213405,600000000,1
2561569,600000000,1
2370357,600000000,1
2278327,600000000,1
3079175,600000000,1
3014087,600000000,1
3113746,600000000,1
3099918,600000000,1
2400159,600000000,1
2219676,600000000,1
2942323,600000000,1
2285242,600000000,1
2665996,600000000,1
2398252,600000000,1
2950429,600000000,1
3787279,600000000,1
2891540,600000000,1
2778768,600000000,1
3036260,600000000,1
3273010,600000000,1
2353668,600000000,1
3312587,600000000,1
# Hoverboard test (1048576 1 400000000)
# time(ns),sleep_time(ns),repetitions
3290891,400000000,1
2616643,400000000,1
2438545,400000000,1
2468824,400000000,1
2393007,400000000,1
2800703,400000000,1
3027915,400000000,1
2488136,400000000,1
3150701,400000000,1
2416133,400000000,1
3932237,400000000,1
2405166,400000000,1
4406213,400000000,1
2483129,400000000,1
2290248,400000000,1
2389430,400000000,1
2389192,400000000,1
2421617,400000000,1
2359151,400000000,1
2727508,400000000,1
2496957,400000000,1
5010128,400000000,1
2675771,400000000,1
2138614,400000000,1
4010438,400000000,1
2707958,400000000,1
2192258,400000000,1
2306938,400000000,1
2486228,400000000,1
2778291,400000000,1
# Hoverboard test (1048576 1 200000000)
# time(ns),sleep_time(ns),repetitions
3196239,200000000,1
2734661,200000000,1
3260850,200000000,1
4667282,200000000,1
2636909,200000000,1
2503395,200000000,1
4059553,200000000,1
3340721,200000000,1
3096342,200000000,1
3481864,200000000,1
2377033,200000000,1
3240108,200000000,1
2476453,200000000,1
2563238,200000000,1
2456665,200000000,1
2481222,200000000,1
2808332,200000000,1
4063844,200000000,1
2391576,200000000,1
2509117,200000000,1
4325389,200000000,1
3229141,200000000,1
2247810,200000000,1
3098011,200000000,1
3596782,200000000,1
2134084,200000000,1
2090692,200000000,1
2049207,200000000,1
3760814,200000000,1
2771854,200000000,1
# Hoverboard test (1048576 1 0)
# time(ns),sleep_time(ns),repetitions
3668546,0,1
2817869,0,1
2156019,0,1
2635955,0,1
2063035,0,1
2046823,0,1
2058506,0,1
2074003,0,1
2102613,0,1
2079010,0,1
2072811,0,1
2041816,0,1
2042293,0,1
2031326,0,1
2047061,0,1
2046823,0,1
2014875,0,1
2011299,0,1
2029180,0,1
2020120,0,1
2079486,0,1
2029180,0,1
2048015,0,1
2102851,0,1
3620862,0,1
3477573,0,1
2146482,0,1
2320528,0,1
2257823,0,1
2247571,0,1
# Hoverboard test (1048576 1 200000001)
# time(ns),sleep_time(ns),repetitions
4874467,200000001,1
2524137,200000001,1
3194332,200000001,1
4697799,200000001,1
2783775,200000001,1
2919912,200000001,1
3255605,200000001,1
3891468,200000001,1
4800319,200000001,1
3401756,200000001,1
2355337,200000001,1
3432512,200000001,1
2728462,200000001,1
3002643,200000001,1
2273559,200000001,1
2726793,200000001,1
2393245,200000001,1
2384901,200000001,1
2898693,200000001,1
3694057,200000001,1
4163265,200000001,1
3385543,200000001,1
2421140,200000001,1
2888441,200000001,1
2726554,200000001,1
3291606,200000001,1
2825975,200000001,1
3292798,200000001,1
2579689,200000001,1
2327203,200000001,1
# Hoverboard test (1048576 1 400000001)
# time(ns),sleep_time(ns),repetitions
3165721,400000001,1
2167940,400000001,1
3010749,400000001,1
2627134,400000001,1
2398014,400000001,1
2359628,400000001,1
2359867,400000001,1
3100395,400000001,1
2434492,400000001,1
2553462,400000001,1
2321004,400000001,1
4408121,400000001,1
2551078,400000001,1
4062891,400000001,1
2699136,400000001,1
2524137,400000001,1
2774477,400000001,1
3019809,400000001,1
2538681,400000001,1
3212451,400000001,1
2173900,400000001,1
2275228,400000001,1
7674217,400000001,1
2360105,400000001,1
3350734,400000001,1
2368211,400000001,1
3309726,400000001,1
2322196,400000001,1
2265214,400000001,1
2206802,400000001,1
# Hoverboard test (1048576 1 600000001)
# time(ns),sleep_time(ns),repetitions
3762722,600000001,1
3411769,600000001,1
3442525,600000001,1
3436088,600000001,1
4159450,600000001,1
2933502,600000001,1
3464698,600000001,1
2836704,600000001,1
4868030,600000001,1
3585338,600000001,1
4674434,600000001,1
3177642,600000001,1
3528833,600000001,1
3034591,600000001,1
3646612,600000001,1
3590106,600000001,1
17811536,600000001,1
2485752,600000001,1
3032684,600000001,1
2996921,600000001,1
4240036,600000001,1
2725601,600000001,1
3529548,600000001,1
4398584,600000001,1
2777814,600000001,1
3128051,600000001,1
2779245,600000001,1
2506256,600000001,1
2923488,600000001,1
4108667,600000001,1
# Hoverboard test (1048576 1 800000001)
# time(ns),sleep_time(ns),repetitions
3450393,800000001,1
3010511,800000001,1
3455400,800000001,1
2330780,800000001,1
3841638,800000001,1
3856897,800000001,1
4147291,800000001,1
2542018,800000001,1
3565311,800000001,1
2256870,800000001,1
4099130,800000001,1
4801511,800000001,1
3000497,800000001,1
3429651,800000001,1
2999544,800000001,1
2294540,800000001,1
3133773,800000001,1
2173662,800000001,1
2747058,800000001,1
2116918,800000001,1
5797624,800000001,1
3707170,800000001,1
3706932,800000001,1
3257274,800000001,1
3603696,800000001,1
4313945,800000001,1
2659320,800000001,1
3995418,800000001,1
2709627,800000001,1
2045869,800000001,1
# Hoverboard test (1048576 1 1000000001)
# time(ns),sleep_time(ns),repetitions
5537509,1000000001,1
4499197,1000000001,1
4833698,1000000001,1
3874778,1000000001,1
3991603,1000000001,1
3453254,1000000001,1
3981113,1000000001,1
4107475,1000000001,1
3828525,1000000001,1
3536939,1000000001,1
4013538,1000000001,1
3684759,1000000001,1
3504276,1000000001,1
3537893,1000000001,1
3943920,1000000001,1
3802776,1000000001,1
3406763,1000000001,1
3609418,1000000001,1
4437923,1000000001,1
3445625,1000000001,1
3756284,1000000001,1
4000663,1000000001,1
4354476,1000000001,1
3362417,1000000001,1
3483057,1000000001,1
3374814,1000000001,1
3536939,1000000001,1
3369569,1000000001,1
3440380,1000000001,1
4258394,1000000001,1
