# Hoverboard test (1048576 1 1000000000)
# time(ns),sleep_time(ns),repetitions
113368397,1000000000,1
112257,1000000000,1
113992,1000000000,1
103773,1000000000,1
106546,1000000000,1
103361,1000000000,1
103610,1000000000,1
104119,1000000000,1
503382,1000000000,1
102304,1000000000,1
182152,1000000000,1
102919,1000000000,1
103569,1000000000,1
104045,1000000000,1
104933,1000000000,1
103643,1000000000,1
102158,1000000000,1
257045,1000000000,1
104564,1000000000,1
105998,1000000000,1
104776,1000000000,1
104508,1000000000,1
232047,1000000000,1
102560,1000000000,1
103532,1000000000,1
103042,1000000000,1
104494,1000000000,1
104084,1000000000,1
104192,1000000000,1
256252,1000000000,1
# Hoverboard test (1048576 1 800000000)
# time(ns),sleep_time(ns),repetitions
120284178,800000000,1
110433,800000000,1
105528,800000000,1
102541,800000000,1
102802,800000000,1
101695,800000000,1
102513,800000000,1
101857,800000000,1
102483,800000000,1
103481,800000000,1
103407,800000000,1
101259,800000000,1
104362,800000000,1
101992,800000000,1
101981,800000000,1
100788,800000000,1
104380,800000000,1
101121,800000000,1
184797,800000000,1
100908,800000000,1
101761,800000000,1
101808,800000000,1
160405,800000000,1
101250,800000000,1
104193,800000000,1
102550,800000000,1
101493,800000000,1
101445,800000000,1
102658,800000000,1
101972,800000000,1
# Hoverboard test (1048576 1 600000000)
# time(ns),sleep_time(ns),repetitions
5417379,600000000,1
104484,600000000,1
254285,600000000,1
102402,600000000,1
104486,600000000,1
101429,600000000,1
946651,600000000,1
105437,600000000,1
786435,600000000,1
251072,600000000,1
102193,600000000,1
121935,600000000,1
103108,600000000,1
336891,600000000,1
144215,600000000,1
102397,600000000,1
127887,600000000,1
101975,600000000,1
130894,600000000,1
162580,600000000,1
103946,600000000,1
100848,600000000,1
845750,600000000,1
110557,600000000,1
102564,600000000,1
102356,600000000,1
119219,600000000,1
101706,600000000,1
233179,600000000,1
755507,600000000,1
# Hoverboard test (1048576 1 400000000)
# time(ns),sleep_time(ns),repetitions
123830392,400000000,1
477791,400000000,1
1170926,400000000,1
2150134,400000000,1
785477,400000000,1
586280,400000000,1
102454,400000000,1
100890,400000000,1
103597,400000000,1
102083,400000000,1
102482,400000000,1
104023,400000000,1
842068,400000000,1
731877,400000000,1
101423,400000000,1
103081,400000000,1
101469,400000000,1
442095,400000000,1
159302,400000000,1
148509,400000000,1
497402,400000000,1
1757347,400000000,1
403162,400000000,1
475291,400000000,1
706423,400000000,1
297274,400000000,1
1007736,400000000,1
178199,400000000,1
1017009,400000000,1
183911,400000000,1
# Hoverboard test (1048576 1 200000000)
# time(ns),sleep_time(ns),repetitions
116410301,200000000,1
107304,200000000,1
103708,200000000,1
103656,200000000,1
103175,200000000,1
101608,200000000,1
101733,200000000,1
101836,200000000,1
103133,200000000,1
135533,200000000,1
200992,200000000,1
119627,200000000,1
477738,200000000,1
103581,200000000,1
262463,200000000,1
101871,200000000,1
101878,200000000,1
305017,200000000,1
184857,200000000,1
102269,200000000,1
839767,200000000,1
221010,200000000,1
363330,200000000,1
345149,200000000,1
154274,200000000,1
1306602,200000000,1
684457,200000000,1
152239,200000000,1
994750,200000000,1
256094,200000000,1
# Hoverboard test (1048576 1 0)
# time(ns),sleep_time(ns),repetitions
115134516,0,1
125761,0,1
100126,0,1
100604,0,1
98818,0,1
99396,0,1
99854,0,1
99721,0,1
100090,0,1
100532,0,1
99349,0,1
100178,0,1
100194,0,1
100235,0,1
99576,0,1
100131,0,1
99123,0,1
100348,0,1
101252,0,1
100445,0,1
100404,0,1
122943,0,1
109608,0,1
103237,0,1
371172,0,1
336306,0,1
355869,0,1
253272,0,1
179462,0,1
299846,0,1
# Hoverboard test (1048576 1 200000001)
# time(ns),sleep_time(ns),repetitions
150148116,200000001,1
108797,200000001,1
103591,200000001,1
146764,200000001,1
102888,200000001,1
102749,200000001,1
227422,200000001,1
101584,200000001,1
495515,200000001,1
102507,200000001,1
101056,200000001,1
101071,200000001,1
100692,200000001,1
210029,200000001,1
325779,200000001,1
347796,200000001,1
101195,200000001,1
101687,200000001,1
103074,200000001,1
165630,200000001,1
271584,200000001,1
101608,200000001,1
882255,200000001,1
145086,200000001,1
172757,200000001,1
640756,200000001,1
1486529,200000001,1
802282,200000001,1
1035177,200000001,1
785974,200000001,1
# Hoverboard test (1048576 1 400000001)
# time(ns),sleep_time(ns),repetitions
126657785,400000001,1
501460,400000001,1
103528,400000001,1
102703,400000001,1
1034760,400000001,1
102274,400000001,1
101497,400000001,1
102016,400000001,1
220788,400000001,1
102426,400000001,1
101278,400000001,1
100878,400000001,1
794295,400000001,1
101378,400000001,1
126131,400000001,1
101143,400000001,1
101969,400000001,1
465495,400000001,1
102856,400000001,1
101142,400000001,1
105894,400000001,1
195960,400000001,1
246768,400000001,1
673047,400000001,1
1135584,400000001,1
1347388,400000001,1
101375,400000001,1
223667,400000001,1
269410,400000001,1
374918,400000001,1
# Hoverboard test (1048576 1 600000001)
# time(ns),sleep_time(ns),repetitions
110514477,600000001,1
112067,600000001,1
103012,600000001,1
151918,600000001,1
102855,600000001,1
103469,600000001,1
166380,600000001,1
101926,600000001,1
109074,600000001,1
357037,600000001,1
815106,600000001,1
254323,600000001,1
169840,600000001,1
921981,600000001,1
101940,600000001,1
153093,600000001,1
542671,600000001,1
1430388,600000001,1
160967,600000001,1
102466,600000001,1
102082,600000001,1
293422,600000001,1
367074,600000001,1
102232,600000001,1
478890,600000001,1
102990,600000001,1
212176,600000001,1
546483,600000001,1
868886,600000001,1
141819,600000001,1
# Hoverboard test (1048576 1 800000001)
# time(ns),sleep_time(ns),repetitions
118799577,800000001,1
928810,800000001,1
104256,800000001,1
101844,800000001,1
103646,800000001,1
101512,800000001,1
175036,800000001,1
181753,800000001,1
103432,800000001,1
102234,800000001,1
716557,800000001,1
1698756,800000001,1
656138,800000001,1
101568,800000001,1
972539,800000001,1
627919,800000001,1
103071,800000001,1
102632,800000001,1
480017,800000001,1
102100,800000001,1
405962,800000001,1
102457,800000001,1
102234,800000001,1
102723,800000001,1
107768,800000001,1
193903,800000001,1
319762,800000001,1
788746,800000001,1
564196,800000001,1
739568,800000001,1
# Hoverboard test (1048576 1 1000000001)
# time(ns),sleep_time(ns),repetitions
133429373,1000000001,1
966629,1000000001,1
313567,1000000001,1
145620,1000000001,1
104427,1000000001,1
104630,1000000001,1
104314,1000000001,1
336460,1000000001,1
122555,1000000001,1
103707,1000000001,1
149802,1000000001,1
113010,1000000001,1
105614,1000000001,1
343080,1000000001,1
103658,1000000001,1
106211,1000000001,1
747993,1000000001,1
888926,1000000001,1
103731,1000000001,1
604690,1000000001,1
105467,1000000001,1
108818,1000000001,1
103868,1000000001,1
103970,1000000001,1
993477,1000000001,1
1836136,1000000001,1
202314,1000000001,1
116009,1000000001,1
103968,1000000001,1
103904,1000000001,1
