# Hoverboard test (1048576 1 1000000000)
# time(ns),sleep_time(ns),repetitions
4580736,1000000000,1
2716302,1000000000,1
14600038,1000000000,1
3969669,1000000000,1
8839607,1000000000,1
10694742,1000000000,1
5964517,1000000000,1
2936363,1000000000,1
2572298,1000000000,1
8072853,1000000000,1
2769947,1000000000,1
2673387,1000000000,1
2471208,1000000000,1
2794027,1000000000,1
2749919,1000000000,1
2389192,1000000000,1
2603769,1000000000,1
2642869,1000000000,1
10572433,1000000000,1
2635717,1000000000,1
2536773,1000000000,1
2856731,1000000000,1
4434585,1000000000,1
2607107,1000000000,1
12635707,1000000000,1
2414941,1000000000,1
2451896,1000000000,1
2596855,1000000000,1
2949476,1000000000,1
2472877,1000000000,1
# Hoverboard test (1048576 1 800000000)
# time(ns),sleep_time(ns),repetitions
3512382,800000000,1
2362489,800000000,1
2304315,800000000,1
2135753,800000000,1
3994703,800000000,1
2265930,800000000,1
2391576,800000000,1
12300729,800000000,1
2594470,800000000,1
2182722,800000000,1
2556800,800000000,1
2172231,800000000,1
2536058,800000000,1
2112627,800000000,1
2267837,800000000,1
2183437,800000000,1
2423048,800000000,1
2430677,800000000,1
2276897,800000000,1
2152204,800000000,1
4183292,800000000,1
17701625,800000000,1
2490997,800000000,1
2245426,800000000,1
2588033,800000000,1
2194643,800000000,1
2271652,800000000,1
9440422,800000000,1
2385377,800000000,1
2179861,800000000,1
# Hoverboard test (1048576 1 600000000)
# time(ns),sleep_time(ns),repetitions
8063793,600000000,1
12725591,600000000,1
2011299,600000000,1
3128290,600000000,1
4940509,600000000,1
2391099,600000000,1
2049684,600000000,1
2462625,600000000,1
2146244,600000000,1
2523660,600000000,1
13041257,600000000,1
2344131,600000000,1
2268075,600000000,1
2648115,600000000,1
2312898,600000000,1
2294778,600000000,1
2466678,600000000,1
2683639,600000000,1
2256393,600000000,1
2363443,600000000,1
4292249,600000000,1
2361297,600000000,1
2263069,600000000,1
3617286,600000000,1
9526729,600000000,1
2279758,600000000,1
2217054,600000000,1
2225160,600000000,1
2209663,600000000,1
3997564,600000000,1
# Hoverboard test (1048576 1 400000000)
# time(ns),sleep_time(ns),repetitions
3687143,400000000,1
2400636,400000000,1
2475023,400000000,1
2281188,400000000,1
2184867,400000000,1
13665676,400000000,1
4600286,400000000,1
2276420,400000000,1
2314567,400000000,1
2447366,400000000,1
2129793,400000000,1
2394914,400000000,1
2734661,400000000,1
2367496,400000000,1
2192735,400000000,1
2574205,400000000,1
2287387,400000000,1
2313852,400000000,1
2174854,400000000,1
12333869,400000000,1
2402067,400000000,1
2233743,400000000,1
2132415,400000000,1
2160310,400000000,1
12982368,400000000,1
8479356,400000000,1
2155542,400000000,1
2426624,400000000,1
12282371,400000000,1
2371072,400000000,1
# Hoverboard test (1048576 1 200000000)
# time(ns),sleep_time(ns),repetitions
3980636,200000000,1
2163410,200000000,1
6817340,200000000,1
9926080,200000000,1
7483959,200000000,1
2133846,200000000,1
2373456,200000000,1
2253055,200000000,1
2269983,200000000,1
2226114,200000000,1
2145767,200000000,1
3762006,200000000,1
2202510,200000000,1
2351045,200000000,1
2257585,200000000,1
2267360,200000000,1
2177000,200000000,1
5964040,200000000,1
9366035,200000000,1
10763883,200000000,1
10095119,200000000,1
10260105,200000000,1
9881973,200000000,1
9937763,200000000,1
2082824,200000000,1
2198696,200000000,1
2148628,200000000,1
2353191,200000000,1
2200603,200000000,1
2140283,200000000,1
# Hoverboard test (1048576 1 0)
# time(ns),sleep_time(ns),repetitions
9802818,0,1
2056837,0,1
6770372,0,1
1979827,0,1
2002239,0,1
1928091,0,1
1914024,0,1
11955022,0,1
2106666,0,1
1998662,0,1
2019882,0,1
1985788,0,1
2021789,0,1
12933015,0,1
2026796,0,1
1964807,0,1
1982688,0,1
1953363,0,1
12130260,0,1
1943349,0,1
1981258,0,1
1941919,0,1
1975297,0,1
12786865,0,1
2004861,0,1
1980304,0,1
1961946,0,1
1950263,0,1
1925230,0,1
11942625,0,1
# Hoverboard test (1048576 1 200000001)
# time(ns),sleep_time(ns),repetitions
3612756,200000001,1
2227544,200000001,1
2336978,200000001,1
2264976,200000001,1
2287864,200000001,1
10829687,200000001,1
11112689,200000001,1
2635478,200000001,1
2206563,200000001,1
2278804,200000001,1
2393007,200000001,1
3515005,200000001,1
2359390,200000001,1
4823684,200000001,1
4837751,200000001,1
9706020,200000001,1
2382993,200000001,1
2202749,200000001,1
2246379,200000001,1
2356767,200000001,1
2326250,200000001,1
2400636,200000001,1
2123832,200000001,1
9268760,200000001,1
8307695,200000001,1
2376794,200000001,1
7919311,200000001,1
2215862,200000001,1
2154350,200000001,1
2189636,200000001,1
# Hoverboard test (1048576 1 400000001)
# time(ns),sleep_time(ns),repetitions
3766298,400000001,1
2336740,400000001,1
2468109,400000001,1
2432584,400000001,1
2275228,400000001,1
2298593,400000001,1
3690719,400000001,1
2376317,400000001,1
3762245,400000001,1
2429485,400000001,1
2269268,400000001,1
2249479,400000001,1
2457618,400000001,1
2058744,400000001,1
2338886,400000001,1
3067255,400000001,1
12496232,400000001,1
2149105,400000001,1
12871742,400000001,1
2071142,400000001,1
2313375,400000001,1
2115964,400000001,1
2153158,400000001,1
2281427,400000001,1
2202749,400000001,1
11731147,400000001,1
2163648,400000001,1
2230644,400000001,1
9589195,400000001,1
2462863,400000001,1
# Hoverboard test (1048576 1 600000001)
# time(ns),sleep_time(ns),repetitions
4261016,600000001,1
13080358,600000001,1
3101825,600000001,1
2476692,600000001,1
2334833,600000001,1
4478216,600000001,1
2617835,600000001,1
2631425,600000001,1
2472162,600000001,1
2607345,600000001,1
2478837,600000001,1
5285501,600000001,1
2307653,600000001,1
2816200,600000001,1
2246856,600000001,1
2817869,600000001,1
2706527,600000001,1
2486944,600000001,1
2401351,600000001,1
2311468,600000001,1
2176284,600000001,1
2628326,600000001,1
3535509,600000001,1
2410411,600000001,1
2321720,600000001,1
12606620,600000001,1
2423286,600000001,1
2535343,600000001,1
2332448,600000001,1
2835035,600000001,1
# Hoverboard test (1048576 1 800000001)
# time(ns),sleep_time(ns),repetitions
3496408,800000001,1
2440929,800000001,1
9228229,800000001,1
11750698,800000001,1
2556324,800000001,1
2276659,800000001,1
4098415,800000001,1
2372264,800000001,1
2614021,800000001,1
6718635,800000001,1
2289772,800000001,1
16172409,800000001,1
2413511,800000001,1
2111434,800000001,1
2686262,800000001,1
2080678,800000001,1
2319335,800000001,1
2134323,800000001,1
2562284,800000001,1
2171993,800000001,1
2351522,800000001,1
2169609,800000001,1
2269506,800000001,1
2175331,800000001,1
12911319,800000001,1
4650831,800000001,1
2513408,800000001,1
2082347,800000001,1
2246141,800000001,1
7123231,800000001,1
# Hoverboard test (1048576 1 1000000001)
# time(ns),sleep_time(ns),repetitions
4063844,1000000001,1
2547025,1000000001,1
13204813,1000000001,1
4602909,1000000001,1
12875318,1000000001,1
11790037,1000000001,1
2533197,1000000001,1
2526998,1000000001,1
8209943,1000000001,1
10634899,1000000001,1
2474784,1000000001,1
8035898,1000000001,1
2394437,1000000001,1
2699613,1000000001,1
11246204,1000000001,1
2465486,1000000001,1
2408742,1000000001,1
8451938,1000000001,1
8894681,1000000001,1
2515077,1000000001,1
3998041,1000000001,1
2575397,1000000001,1
2589225,1000000001,1
2550601,1000000001,1
2519369,1000000001,1
2515792,1000000001,1
2504587,1000000001,1
9373426,1000000001,1
2555847,1000000001,1
2956867,1000000001,1
